{"/Users/iuliia_zaripova/Desktop/my_ciphering_cli/src/argsValidation.js": {"path":"/Users/iuliia_zaripova/Desktop/my_ciphering_cli/src/argsValidation.js","statementMap":{"0":{"start":{"line":1,"column":11},"end":{"line":1,"column":24}},"1":{"start":{"line":7,"column":4},"end":{"line":7,"column":39}},"2":{"start":{"line":8,"column":26},"end":{"line":8,"column":48}},"3":{"start":{"line":11,"column":13},"end":{"line":15,"column":1}},"4":{"start":{"line":12,"column":16},"end":{"line":12,"column":46}},"5":{"start":{"line":13,"column":2},"end":{"line":13,"column":36}},"6":{"start":{"line":13,"column":19},"end":{"line":13,"column":36}},"7":{"start":{"line":14,"column":2},"end":{"line":14,"column":29}},"8":{"start":{"line":17,"column":25},"end":{"line":19,"column":1}},"9":{"start":{"line":18,"column":2},"end":{"line":18,"column":109}},"10":{"start":{"line":18,"column":37},"end":{"line":18,"column":47}},"11":{"start":{"line":18,"column":85},"end":{"line":18,"column":95}},"12":{"start":{"line":21,"column":20},"end":{"line":23,"column":1}},"13":{"start":{"line":22,"column":2},"end":{"line":22,"column":75}},"14":{"start":{"line":25,"column":23},"end":{"line":28,"column":1}},"15":{"start":{"line":26,"column":14},"end":{"line":26,"column":29}},"16":{"start":{"line":27,"column":2},"end":{"line":27,"column":32}},"17":{"start":{"line":30,"column":22},"end":{"line":54,"column":1}},"18":{"start":{"line":31,"column":24},"end":{"line":37,"column":3}},"19":{"start":{"line":39,"column":2},"end":{"line":41,"column":3}},"20":{"start":{"line":40,"column":4},"end":{"line":40,"column":36}},"21":{"start":{"line":42,"column":17},"end":{"line":42,"column":59}},"22":{"start":{"line":43,"column":16},"end":{"line":43,"column":55}},"23":{"start":{"line":44,"column":17},"end":{"line":44,"column":58}},"24":{"start":{"line":46,"column":2},"end":{"line":48,"column":3}},"25":{"start":{"line":47,"column":4},"end":{"line":47,"column":36}},"26":{"start":{"line":49,"column":2},"end":{"line":51,"column":3}},"27":{"start":{"line":50,"column":4},"end":{"line":50,"column":36}},"28":{"start":{"line":53,"column":2},"end":{"line":53,"column":35}},"29":{"start":{"line":56,"column":24},"end":{"line":60,"column":1}},"30":{"start":{"line":57,"column":2},"end":{"line":59,"column":3}},"31":{"start":{"line":58,"column":4},"end":{"line":58,"column":37}},"32":{"start":{"line":62,"column":0},"end":{"line":68,"column":2}}},"fnMap":{"0":{"name":"(anonymous_0)","decl":{"start":{"line":11,"column":13},"end":{"line":11,"column":14}},"loc":{"start":{"line":11,"column":23},"end":{"line":15,"column":1}},"line":11},"1":{"name":"(anonymous_1)","decl":{"start":{"line":17,"column":25},"end":{"line":17,"column":26}},"loc":{"start":{"line":17,"column":43},"end":{"line":19,"column":1}},"line":17},"2":{"name":"(anonymous_2)","decl":{"start":{"line":18,"column":30},"end":{"line":18,"column":31}},"loc":{"start":{"line":18,"column":37},"end":{"line":18,"column":47}},"line":18},"3":{"name":"(anonymous_3)","decl":{"start":{"line":18,"column":78},"end":{"line":18,"column":79}},"loc":{"start":{"line":18,"column":85},"end":{"line":18,"column":95}},"line":18},"4":{"name":"(anonymous_4)","decl":{"start":{"line":21,"column":20},"end":{"line":21,"column":21}},"loc":{"start":{"line":21,"column":27},"end":{"line":23,"column":1}},"line":21},"5":{"name":"(anonymous_5)","decl":{"start":{"line":25,"column":23},"end":{"line":25,"column":24}},"loc":{"start":{"line":25,"column":33},"end":{"line":28,"column":1}},"line":25},"6":{"name":"(anonymous_6)","decl":{"start":{"line":30,"column":22},"end":{"line":30,"column":23}},"loc":{"start":{"line":30,"column":28},"end":{"line":54,"column":1}},"line":30},"7":{"name":"(anonymous_7)","decl":{"start":{"line":56,"column":24},"end":{"line":56,"column":25}},"loc":{"start":{"line":56,"column":34},"end":{"line":60,"column":1}},"line":56}},"branchMap":{"0":{"loc":{"start":{"line":13,"column":2},"end":{"line":13,"column":36}},"type":"if","locations":[{"start":{"line":13,"column":2},"end":{"line":13,"column":36}},{"start":{},"end":{}}],"line":13},"1":{"loc":{"start":{"line":22,"column":9},"end":{"line":22,"column":74}},"type":"binary-expr","locations":[{"start":{"line":22,"column":9},"end":{"line":22,"column":19}},{"start":{"line":22,"column":23},"end":{"line":22,"column":33}},{"start":{"line":22,"column":37},"end":{"line":22,"column":47}},{"start":{"line":22,"column":51},"end":{"line":22,"column":61}},{"start":{"line":22,"column":65},"end":{"line":22,"column":74}}],"line":22},"2":{"loc":{"start":{"line":39,"column":2},"end":{"line":41,"column":3}},"type":"if","locations":[{"start":{"line":39,"column":2},"end":{"line":41,"column":3}},{"start":{},"end":{}}],"line":39},"3":{"loc":{"start":{"line":42,"column":17},"end":{"line":42,"column":59}},"type":"binary-expr","locations":[{"start":{"line":42,"column":17},"end":{"line":42,"column":34}},{"start":{"line":42,"column":39},"end":{"line":42,"column":59}}],"line":42},"4":{"loc":{"start":{"line":43,"column":16},"end":{"line":43,"column":55}},"type":"binary-expr","locations":[{"start":{"line":43,"column":16},"end":{"line":43,"column":32}},{"start":{"line":43,"column":36},"end":{"line":43,"column":55}}],"line":43},"5":{"loc":{"start":{"line":44,"column":17},"end":{"line":44,"column":58}},"type":"binary-expr","locations":[{"start":{"line":44,"column":17},"end":{"line":44,"column":34}},{"start":{"line":44,"column":38},"end":{"line":44,"column":58}}],"line":44},"6":{"loc":{"start":{"line":46,"column":2},"end":{"line":48,"column":3}},"type":"if","locations":[{"start":{"line":46,"column":2},"end":{"line":48,"column":3}},{"start":{},"end":{}}],"line":46},"7":{"loc":{"start":{"line":49,"column":2},"end":{"line":51,"column":3}},"type":"if","locations":[{"start":{"line":49,"column":2},"end":{"line":51,"column":3}},{"start":{},"end":{}}],"line":49},"8":{"loc":{"start":{"line":57,"column":2},"end":{"line":59,"column":3}},"type":"if","locations":[{"start":{"line":57,"column":2},"end":{"line":59,"column":3}},{"start":{},"end":{}}],"line":57}},"s":{"0":1,"1":1,"2":1,"3":1,"4":9,"5":9,"6":6,"7":3,"8":1,"9":9,"10":49,"11":49,"12":1,"13":17,"14":1,"15":3,"16":3,"17":1,"18":3,"19":3,"20":1,"21":2,"22":2,"23":2,"24":2,"25":1,"26":1,"27":1,"28":0,"29":1,"30":0,"31":0,"32":1},"f":{"0":9,"1":9,"2":49,"3":49,"4":17,"5":3,"6":3,"7":0},"b":{"0":[6,3],"1":[17,16,9,8,8],"2":[1,2],"3":[2,1],"4":[2,1],"5":[2,1],"6":[1,1],"7":[1,0],"8":[0,0]},"_coverageSchema":"1a1c01bbd47fc00a2c39e90264f33305004495a9","hash":"a8826271c28bc20934588ded4b205850de6f79da"}
,"/Users/iuliia_zaripova/Desktop/my_ciphering_cli/src/constants.js": {"path":"/Users/iuliia_zaripova/Desktop/my_ciphering_cli/src/constants.js","statementMap":{"0":{"start":{"line":1,"column":13},"end":{"line":5,"column":1}},"1":{"start":{"line":7,"column":16},"end":{"line":11,"column":1}},"2":{"start":{"line":13,"column":15},"end":{"line":17,"column":1}},"3":{"start":{"line":19,"column":18},"end":{"line":22,"column":1}},"4":{"start":{"line":24,"column":0},"end":{"line":29,"column":2}}},"fnMap":{},"branchMap":{},"s":{"0":5,"1":5,"2":5,"3":5,"4":5},"f":{},"b":{},"_coverageSchema":"1a1c01bbd47fc00a2c39e90264f33305004495a9","hash":"efed63b06f3e189fd8331f264daa0572bcf1b924"}
,"/Users/iuliia_zaripova/Desktop/my_ciphering_cli/src/utils.js": {"path":"/Users/iuliia_zaripova/Desktop/my_ciphering_cli/src/utils.js","statementMap":{"0":{"start":{"line":1,"column":30},"end":{"line":1,"column":52}},"1":{"start":{"line":3,"column":29},"end":{"line":11,"column":1}},"2":{"start":{"line":4,"column":16},"end":{"line":4,"column":36}},"3":{"start":{"line":5,"column":2},"end":{"line":7,"column":3}},"4":{"start":{"line":6,"column":4},"end":{"line":6,"column":43}},"5":{"start":{"line":8,"column":2},"end":{"line":10,"column":3}},"6":{"start":{"line":9,"column":4},"end":{"line":9,"column":44}},"7":{"start":{"line":13,"column":21},"end":{"line":25,"column":1}},"8":{"start":{"line":14,"column":34},"end":{"line":14,"column":62}},"9":{"start":{"line":15,"column":2},"end":{"line":17,"column":3}},"10":{"start":{"line":16,"column":4},"end":{"line":16,"column":78}},"11":{"start":{"line":18,"column":2},"end":{"line":24,"column":8}},"12":{"start":{"line":27,"column":19},"end":{"line":30,"column":3}},"13":{"start":{"line":28,"column":2},"end":{"line":30,"column":3}},"14":{"start":{"line":29,"column":4},"end":{"line":29,"column":46}},"15":{"start":{"line":32,"column":22},"end":{"line":37,"column":1}},"16":{"start":{"line":33,"column":2},"end":{"line":36,"column":15}},"17":{"start":{"line":35,"column":19},"end":{"line":35,"column":57}},"18":{"start":{"line":39,"column":0},"end":{"line":43,"column":2}}},"fnMap":{"0":{"name":"(anonymous_0)","decl":{"start":{"line":3,"column":29},"end":{"line":3,"column":30}},"loc":{"start":{"line":3,"column":41},"end":{"line":11,"column":1}},"line":3},"1":{"name":"(anonymous_1)","decl":{"start":{"line":13,"column":21},"end":{"line":13,"column":22}},"loc":{"start":{"line":13,"column":55},"end":{"line":25,"column":1}},"line":13},"2":{"name":"(anonymous_2)","decl":{"start":{"line":27,"column":19},"end":{"line":27,"column":20}},"loc":{"start":{"line":28,"column":2},"end":{"line":30,"column":3}},"line":28},"3":{"name":"(anonymous_3)","decl":{"start":{"line":28,"column":28},"end":{"line":28,"column":29}},"loc":{"start":{"line":29,"column":4},"end":{"line":29,"column":46}},"line":29},"4":{"name":"(anonymous_4)","decl":{"start":{"line":32,"column":22},"end":{"line":32,"column":23}},"loc":{"start":{"line":32,"column":56},"end":{"line":37,"column":1}},"line":32},"5":{"name":"(anonymous_5)","decl":{"start":{"line":35,"column":9},"end":{"line":35,"column":10}},"loc":{"start":{"line":35,"column":19},"end":{"line":35,"column":57}},"line":35}},"branchMap":{"0":{"loc":{"start":{"line":5,"column":2},"end":{"line":7,"column":3}},"type":"if","locations":[{"start":{"line":5,"column":2},"end":{"line":7,"column":3}},{"start":{},"end":{}}],"line":5},"1":{"loc":{"start":{"line":5,"column":6},"end":{"line":5,"column":32}},"type":"binary-expr","locations":[{"start":{"line":5,"column":6},"end":{"line":5,"column":17}},{"start":{"line":5,"column":21},"end":{"line":5,"column":32}}],"line":5},"2":{"loc":{"start":{"line":8,"column":2},"end":{"line":10,"column":3}},"type":"if","locations":[{"start":{"line":8,"column":2},"end":{"line":10,"column":3}},{"start":{},"end":{}}],"line":8},"3":{"loc":{"start":{"line":8,"column":6},"end":{"line":8,"column":33}},"type":"binary-expr","locations":[{"start":{"line":8,"column":6},"end":{"line":8,"column":17}},{"start":{"line":8,"column":21},"end":{"line":8,"column":33}}],"line":8},"4":{"loc":{"start":{"line":15,"column":2},"end":{"line":17,"column":3}},"type":"if","locations":[{"start":{"line":15,"column":2},"end":{"line":17,"column":3}},{"start":{},"end":{}}],"line":15},"5":{"loc":{"start":{"line":18,"column":9},"end":{"line":24,"column":7}},"type":"cond-expr","locations":[{"start":{"line":19,"column":6},"end":{"line":21,"column":7}},{"start":{"line":22,"column":6},"end":{"line":24,"column":7}}],"line":18}},"s":{"0":4,"1":4,"2":14,"3":14,"4":1,"5":13,"6":13,"7":4,"8":12,"9":12,"10":1,"11":11,"12":4,"13":5,"14":9,"15":4,"16":3,"17":5,"18":4},"f":{"0":14,"1":12,"2":5,"3":9,"4":3,"5":5},"b":{"0":[1,13],"1":[14,14],"2":[13,0],"3":[13,13],"4":[1,11],"5":[4,7]},"_coverageSchema":"1a1c01bbd47fc00a2c39e90264f33305004495a9","hash":"52c37429792fc1f97f8592245d32eae2d43a802b"}
,"/Users/iuliia_zaripova/Desktop/my_ciphering_cli/src/entities/createStreams.js": {"path":"/Users/iuliia_zaripova/Desktop/my_ciphering_cli/src/entities/createStreams.js","statementMap":{"0":{"start":{"line":1,"column":28},"end":{"line":1,"column":65}},"1":{"start":{"line":2,"column":28},"end":{"line":2,"column":65}},"2":{"start":{"line":3,"column":26},"end":{"line":3,"column":61}},"3":{"start":{"line":5,"column":22},"end":{"line":18,"column":1}},"4":{"start":{"line":6,"column":14},"end":{"line":6,"column":31}},"5":{"start":{"line":7,"column":2},"end":{"line":17,"column":5}},"6":{"start":{"line":8,"column":4},"end":{"line":10,"column":5}},"7":{"start":{"line":9,"column":6},"end":{"line":9,"column":39}},"8":{"start":{"line":11,"column":4},"end":{"line":13,"column":5}},"9":{"start":{"line":12,"column":6},"end":{"line":12,"column":37}},"10":{"start":{"line":14,"column":4},"end":{"line":16,"column":5}},"11":{"start":{"line":15,"column":6},"end":{"line":15,"column":35}},"12":{"start":{"line":20,"column":0},"end":{"line":22,"column":2}}},"fnMap":{"0":{"name":"(anonymous_0)","decl":{"start":{"line":5,"column":22},"end":{"line":5,"column":23}},"loc":{"start":{"line":5,"column":34},"end":{"line":18,"column":1}},"line":5},"1":{"name":"(anonymous_1)","decl":{"start":{"line":7,"column":17},"end":{"line":7,"column":18}},"loc":{"start":{"line":7,"column":24},"end":{"line":17,"column":3}},"line":7}},"branchMap":{"0":{"loc":{"start":{"line":8,"column":4},"end":{"line":10,"column":5}},"type":"if","locations":[{"start":{"line":8,"column":4},"end":{"line":10,"column":5}},{"start":{},"end":{}}],"line":8},"1":{"loc":{"start":{"line":11,"column":4},"end":{"line":13,"column":5}},"type":"if","locations":[{"start":{"line":11,"column":4},"end":{"line":13,"column":5}},{"start":{},"end":{}}],"line":11},"2":{"loc":{"start":{"line":14,"column":4},"end":{"line":16,"column":5}},"type":"if","locations":[{"start":{"line":14,"column":4},"end":{"line":16,"column":5}},{"start":{},"end":{}}],"line":14}},"s":{"0":1,"1":1,"2":1,"3":1,"4":1,"5":1,"6":3,"7":1,"8":2,"9":1,"10":1,"11":1,"12":1},"f":{"0":1,"1":3},"b":{"0":[1,2],"1":[1,1],"2":[1,0]},"_coverageSchema":"1a1c01bbd47fc00a2c39e90264f33305004495a9","hash":"c04eb7a76285a31802facb7dd1f60eeea770af49"}
,"/Users/iuliia_zaripova/Desktop/my_ciphering_cli/src/errors/ValidationError.js": {"path":"/Users/iuliia_zaripova/Desktop/my_ciphering_cli/src/errors/ValidationError.js","statementMap":{"0":{"start":{"line":3,"column":4},"end":{"line":3,"column":19}},"1":{"start":{"line":4,"column":4},"end":{"line":4,"column":34}},"2":{"start":{"line":9,"column":4},"end":{"line":9,"column":71}},"3":{"start":{"line":10,"column":4},"end":{"line":10,"column":38}},"4":{"start":{"line":15,"column":4},"end":{"line":15,"column":69}},"5":{"start":{"line":16,"column":4},"end":{"line":16,"column":38}},"6":{"start":{"line":21,"column":4},"end":{"line":21,"column":65}},"7":{"start":{"line":22,"column":4},"end":{"line":22,"column":38}},"8":{"start":{"line":27,"column":4},"end":{"line":27,"column":37}},"9":{"start":{"line":28,"column":4},"end":{"line":28,"column":35}},"10":{"start":{"line":29,"column":4},"end":{"line":29,"column":21}},"11":{"start":{"line":33,"column":0},"end":{"line":39,"column":2}}},"fnMap":{"0":{"name":"(anonymous_0)","decl":{"start":{"line":2,"column":2},"end":{"line":2,"column":3}},"loc":{"start":{"line":2,"column":23},"end":{"line":5,"column":3}},"line":2},"1":{"name":"(anonymous_1)","decl":{"start":{"line":8,"column":2},"end":{"line":8,"column":3}},"loc":{"start":{"line":8,"column":16},"end":{"line":11,"column":3}},"line":8},"2":{"name":"(anonymous_2)","decl":{"start":{"line":14,"column":2},"end":{"line":14,"column":3}},"loc":{"start":{"line":14,"column":16},"end":{"line":17,"column":3}},"line":14},"3":{"name":"(anonymous_3)","decl":{"start":{"line":20,"column":2},"end":{"line":20,"column":3}},"loc":{"start":{"line":20,"column":16},"end":{"line":23,"column":3}},"line":20},"4":{"name":"(anonymous_4)","decl":{"start":{"line":26,"column":2},"end":{"line":26,"column":3}},"loc":{"start":{"line":26,"column":20},"end":{"line":30,"column":3}},"line":26}},"branchMap":{},"s":{"0":6,"1":6,"2":2,"3":2,"4":2,"5":2,"6":2,"7":2,"8":0,"9":0,"10":0,"11":1},"f":{"0":6,"1":2,"2":2,"3":2,"4":0},"b":{},"_coverageSchema":"1a1c01bbd47fc00a2c39e90264f33305004495a9","hash":"85b4aebd2f3affa3c1d550f7a39439101b6cc3d4"}
,"/Users/iuliia_zaripova/Desktop/my_ciphering_cli/src/streams/AtbashTransform.js": {"path":"/Users/iuliia_zaripova/Desktop/my_ciphering_cli/src/streams/AtbashTransform.js","statementMap":{"0":{"start":{"line":1,"column":22},"end":{"line":1,"column":39}},"1":{"start":{"line":2,"column":26},"end":{"line":2,"column":45}},"2":{"start":{"line":3,"column":19},"end":{"line":3,"column":42}},"3":{"start":{"line":7,"column":4},"end":{"line":7,"column":12}},"4":{"start":{"line":11,"column":4},"end":{"line":20,"column":5}},"5":{"start":{"line":12,"column":27},"end":{"line":15,"column":7}},"6":{"start":{"line":16,"column":6},"end":{"line":16,"column":30}},"7":{"start":{"line":17,"column":6},"end":{"line":17,"column":17}},"8":{"start":{"line":19,"column":6},"end":{"line":19,"column":40}},"9":{"start":{"line":24,"column":0},"end":{"line":26,"column":2}}},"fnMap":{"0":{"name":"(anonymous_0)","decl":{"start":{"line":6,"column":2},"end":{"line":6,"column":3}},"loc":{"start":{"line":6,"column":16},"end":{"line":8,"column":3}},"line":6},"1":{"name":"(anonymous_1)","decl":{"start":{"line":10,"column":2},"end":{"line":10,"column":3}},"loc":{"start":{"line":10,"column":40},"end":{"line":21,"column":3}},"line":10}},"branchMap":{},"s":{"0":1,"1":1,"2":1,"3":0,"4":0,"5":0,"6":0,"7":0,"8":0,"9":1},"f":{"0":0,"1":0},"b":{},"_coverageSchema":"1a1c01bbd47fc00a2c39e90264f33305004495a9","hash":"f8928e14557b7a8b57c965f2dd19e687a7818d55"}
,"/Users/iuliia_zaripova/Desktop/my_ciphering_cli/src/streams/CeaserTransform.js": {"path":"/Users/iuliia_zaripova/Desktop/my_ciphering_cli/src/streams/CeaserTransform.js","statementMap":{"0":{"start":{"line":1,"column":22},"end":{"line":1,"column":39}},"1":{"start":{"line":2,"column":26},"end":{"line":2,"column":45}},"2":{"start":{"line":3,"column":19},"end":{"line":3,"column":42}},"3":{"start":{"line":7,"column":4},"end":{"line":7,"column":12}},"4":{"start":{"line":8,"column":4},"end":{"line":8,"column":31}},"5":{"start":{"line":12,"column":4},"end":{"line":23,"column":5}},"6":{"start":{"line":13,"column":27},"end":{"line":18,"column":7}},"7":{"start":{"line":19,"column":6},"end":{"line":19,"column":30}},"8":{"start":{"line":20,"column":6},"end":{"line":20,"column":17}},"9":{"start":{"line":22,"column":6},"end":{"line":22,"column":40}},"10":{"start":{"line":27,"column":0},"end":{"line":29,"column":2}}},"fnMap":{"0":{"name":"(anonymous_0)","decl":{"start":{"line":6,"column":2},"end":{"line":6,"column":3}},"loc":{"start":{"line":6,"column":25},"end":{"line":9,"column":3}},"line":6},"1":{"name":"(anonymous_1)","decl":{"start":{"line":11,"column":2},"end":{"line":11,"column":3}},"loc":{"start":{"line":11,"column":40},"end":{"line":24,"column":3}},"line":11}},"branchMap":{},"s":{"0":1,"1":1,"2":1,"3":0,"4":0,"5":0,"6":0,"7":0,"8":0,"9":0,"10":1},"f":{"0":0,"1":0},"b":{},"_coverageSchema":"1a1c01bbd47fc00a2c39e90264f33305004495a9","hash":"131bee7c8e150b5317ca203686e424e73c86299f"}
,"/Users/iuliia_zaripova/Desktop/my_ciphering_cli/src/streams/ROT8Transform.js": {"path":"/Users/iuliia_zaripova/Desktop/my_ciphering_cli/src/streams/ROT8Transform.js","statementMap":{"0":{"start":{"line":1,"column":22},"end":{"line":1,"column":39}},"1":{"start":{"line":2,"column":26},"end":{"line":2,"column":45}},"2":{"start":{"line":3,"column":19},"end":{"line":3,"column":42}},"3":{"start":{"line":7,"column":4},"end":{"line":7,"column":12}},"4":{"start":{"line":8,"column":4},"end":{"line":8,"column":21}},"5":{"start":{"line":9,"column":4},"end":{"line":9,"column":21}},"6":{"start":{"line":13,"column":4},"end":{"line":24,"column":5}},"7":{"start":{"line":14,"column":27},"end":{"line":19,"column":7}},"8":{"start":{"line":20,"column":6},"end":{"line":20,"column":30}},"9":{"start":{"line":21,"column":6},"end":{"line":21,"column":17}},"10":{"start":{"line":23,"column":6},"end":{"line":23,"column":40}},"11":{"start":{"line":28,"column":0},"end":{"line":30,"column":2}}},"fnMap":{"0":{"name":"(anonymous_0)","decl":{"start":{"line":6,"column":2},"end":{"line":6,"column":3}},"loc":{"start":{"line":6,"column":20},"end":{"line":10,"column":3}},"line":6},"1":{"name":"(anonymous_1)","decl":{"start":{"line":12,"column":2},"end":{"line":12,"column":3}},"loc":{"start":{"line":12,"column":40},"end":{"line":25,"column":3}},"line":12}},"branchMap":{},"s":{"0":1,"1":1,"2":1,"3":0,"4":0,"5":0,"6":0,"7":0,"8":0,"9":0,"10":0,"11":1},"f":{"0":0,"1":0},"b":{},"_coverageSchema":"1a1c01bbd47fc00a2c39e90264f33305004495a9","hash":"09c25a376ca67a63b5c1fb06cfccd77d0256e606"}
}
