TN:
SF:src/argsValidation.js
FN:11,(anonymous_0)
FN:17,(anonymous_1)
FN:18,(anonymous_2)
FN:18,(anonymous_3)
FN:21,(anonymous_4)
FN:25,(anonymous_5)
FN:30,(anonymous_6)
FN:56,(anonymous_7)
FNF:8
FNH:8
FNDA:9,(anonymous_0)
FNDA:9,(anonymous_1)
FNDA:46,(anonymous_2)
FNDA:46,(anonymous_3)
FNDA:17,(anonymous_4)
FNDA:3,(anonymous_5)
FNDA:3,(anonymous_6)
FNDA:2,(anonymous_7)
DA:1,2
DA:7,2
DA:8,2
DA:11,2
DA:12,9
DA:13,9
DA:14,3
DA:17,2
DA:18,46
DA:21,2
DA:22,17
DA:25,2
DA:26,3
DA:27,3
DA:30,2
DA:31,3
DA:39,3
DA:40,1
DA:42,2
DA:43,2
DA:44,2
DA:46,2
DA:47,1
DA:49,1
DA:50,1
DA:53,0
DA:56,2
DA:57,2
DA:58,2
DA:62,2
LF:30
LH:29
BRDA:13,0,0,6
BRDA:13,0,1,3
BRDA:22,1,0,17
BRDA:22,1,1,16
BRDA:22,1,2,9
BRDA:22,1,3,8
BRDA:22,1,4,8
BRDA:39,2,0,1
BRDA:39,2,1,2
BRDA:42,3,0,2
BRDA:42,3,1,1
BRDA:43,4,0,2
BRDA:43,4,1,1
BRDA:44,5,0,2
BRDA:44,5,1,1
BRDA:46,6,0,1
BRDA:46,6,1,1
BRDA:49,7,0,1
BRDA:49,7,1,0
BRDA:57,8,0,2
BRDA:57,8,1,0
BRF:21
BRH:19
end_of_record
TN:
SF:src/constants.js
FNF:0
FNH:0
DA:1,6
DA:7,6
DA:13,6
DA:19,6
DA:24,6
LF:5
LH:5
BRF:0
BRH:0
end_of_record
TN:
SF:src/utils.js
FN:3,(anonymous_0)
FN:13,(anonymous_1)
FN:27,(anonymous_2)
FN:28,(anonymous_3)
FN:32,(anonymous_4)
FN:35,(anonymous_5)
FNF:6
FNH:6
FNDA:14,(anonymous_0)
FNDA:12,(anonymous_1)
FNDA:5,(anonymous_2)
FNDA:9,(anonymous_3)
FNDA:3,(anonymous_4)
FNDA:5,(anonymous_5)
DA:1,4
DA:3,4
DA:4,14
DA:5,14
DA:6,1
DA:8,13
DA:9,13
DA:13,4
DA:14,12
DA:15,12
DA:16,1
DA:18,11
DA:27,4
DA:28,5
DA:29,9
DA:32,4
DA:33,3
DA:35,5
DA:39,4
LF:19
LH:19
BRDA:5,0,0,1
BRDA:5,0,1,13
BRDA:5,1,0,14
BRDA:5,1,1,14
BRDA:8,2,0,13
BRDA:8,2,1,0
BRDA:8,3,0,13
BRDA:8,3,1,13
BRDA:15,4,0,1
BRDA:15,4,1,11
BRDA:18,5,0,4
BRDA:18,5,1,7
BRF:12
BRH:11
end_of_record
TN:
SF:src/entities/createStreams.js
FN:5,(anonymous_0)
FN:7,(anonymous_1)
FNF:2
FNH:2
FNDA:1,(anonymous_0)
FNDA:3,(anonymous_1)
DA:1,1
DA:2,1
DA:3,1
DA:5,1
DA:6,1
DA:7,1
DA:8,3
DA:9,1
DA:11,2
DA:12,1
DA:14,1
DA:15,1
DA:20,1
LF:13
LH:13
BRDA:8,0,0,1
BRDA:8,0,1,2
BRDA:11,1,0,1
BRDA:11,1,1,1
BRDA:14,2,0,1
BRDA:14,2,1,0
BRF:6
BRH:5
end_of_record
TN:
SF:src/errors/ValidationError.js
FN:2,(anonymous_0)
FN:8,(anonymous_1)
FN:14,(anonymous_2)
FN:20,(anonymous_3)
FN:26,(anonymous_4)
FNF:5
FNH:5
FNDA:10,(anonymous_0)
FNDA:2,(anonymous_1)
FNDA:2,(anonymous_2)
FNDA:2,(anonymous_3)
FNDA:4,(anonymous_4)
DA:3,10
DA:4,10
DA:9,2
DA:10,2
DA:15,2
DA:16,2
DA:21,2
DA:22,2
DA:27,4
DA:28,4
DA:29,4
DA:33,2
LF:12
LH:12
BRF:0
BRH:0
end_of_record
TN:
SF:src/streams/AtbashTransform.js
FN:6,(anonymous_0)
FN:10,(anonymous_1)
FNF:2
FNH:0
FNDA:0,(anonymous_0)
FNDA:0,(anonymous_1)
DA:1,1
DA:2,1
DA:3,1
DA:7,0
DA:11,0
DA:12,0
DA:16,0
DA:17,0
DA:19,0
DA:24,1
LF:10
LH:4
BRF:0
BRH:0
end_of_record
TN:
SF:src/streams/CeaserTransform.js
FN:6,(anonymous_0)
FN:11,(anonymous_1)
FNF:2
FNH:0
FNDA:0,(anonymous_0)
FNDA:0,(anonymous_1)
DA:1,1
DA:2,1
DA:3,1
DA:7,0
DA:8,0
DA:12,0
DA:13,0
DA:19,0
DA:20,0
DA:22,0
DA:27,1
LF:11
LH:4
BRF:0
BRH:0
end_of_record
TN:
SF:src/streams/ROT8Transform.js
FN:6,(anonymous_0)
FN:12,(anonymous_1)
FNF:2
FNH:0
FNDA:0,(anonymous_0)
FNDA:0,(anonymous_1)
DA:1,1
DA:2,1
DA:3,1
DA:7,0
DA:8,0
DA:9,0
DA:13,0
DA:14,0
DA:20,0
DA:21,0
DA:23,0
DA:28,1
LF:12
LH:4
BRF:0
BRH:0
end_of_record
